<?xml version="1.0" encoding="UTF-8"?>
<testsuite xmlns:xsi="http://www.w3.org/2001/XMLSchema-instance" xsi:noNamespaceSchemaLocation="https://maven.apache.org/surefire/maven-surefire-plugin/xsd/surefire-test-report.xsd" name="Validate and test all categories in the application" time="44.662" tests="2" errors="0" skipped="0" failures="2">
  <properties>
[...]
</properties>
  <testcase name="Ensure that all categories functions work correctly" classname="Validate and test all categories in the application" time="9.748">
    <failure message="expected:&lt;[DVDs &amp; Movies]&gt; but was:&lt;[Movies &amp; TV]&gt;" type="org.junit.ComparisonFailure"><![CDATA[org.junit.ComparisonFailure: expected:<[DVDs & Movies]> but was:<[Movies & TV]>
]]></failure>
    <system-out><![CDATA[
@smoke
Scenario: Ensure that all categories functions work correctly                     &amp#27;[90m# src/test/resources/Features/Ebay/CategoriesFunctionality.feature:6&amp#27;[0m
  &amp#27;[32mGiven &amp#27;[0m&amp#27;[32mGo to the home page&amp#27;[0m                                                       &amp#27;[90m# UI.Ebay.StepDefinitions.SearchBoxSteps.goToTheHomePage()&amp#27;[0m
  &amp#27;[32mWhen &amp#27;[0m&amp#27;[32mClick the categories section&amp#27;[0m                                               &amp#27;[90m# UI.Ebay.StepDefinitions.CtegoriesFunctionSteps.clickTheCategoriesSection()&amp#27;[0m
This comes from table : [All Categories, Antiques, Art, Baby, Books, Business & Industrial, Cameras & Photo, Cell Phones & Accessories, Clothing, Shoes & Accessories, Coins & Paper Money, Collectibles, Computers/Tablets & Networking, Consumer Electronics, Crafts, Dolls & Bears, DVDs & Movies, eBay Motors, Entertainment Memorabilia, Gift Cards & Coupons, Health & Beauty, Home & Garden, Jewelry & Watches, Music, Musical Instruments & Gear, Pet Supplies, Pottery & Glass, Real Estate, Specialty Services, Sporting Goods, Sports Mem, Cards & Fan Shop, Stamps, Tickets & Experiences, Toys & Hobbies, Travel, Video Games & Consoles, Everything Else]
This comes from select class[[[[[ChromeDriver: chrome on mac (c46f8b421209196523fe43d0ba109d3e)] -> id: gh-cat]] -> tag name: option], [[[[ChromeDriver: chrome on mac (c46f8b421209196523fe43d0ba109d3e)] -> id: gh-cat]] -> tag name: option], [[[[ChromeDriver: chrome on mac (c46f8b421209196523fe43d0ba109d3e)] -> id: gh-cat]] -> tag name: option], [[[[ChromeDriver: chrome on mac (c46f8b421209196523fe43d0ba109d3e)] -> id: gh-cat]] -> tag name: option], [[[[ChromeDriver: chrome on mac (c46f8b421209196523fe43d0ba109d3e)] -> id: gh-cat]] -> tag name: option], [[[[ChromeDriver: chrome on mac (c46f8b421209196523fe43d0ba109d3e)] -> id: gh-cat]] -> tag name: option], [[[[ChromeDriver: chrome on mac (c46f8b421209196523fe43d0ba109d3e)] -> id: gh-cat]] -> tag name: option], [[[[ChromeDriver: chrome on mac (c46f8b421209196523fe43d0ba109d3e)] -> id: gh-cat]] -> tag name: option], [[[[ChromeDriver: chrome on mac (c46f8b421209196523fe43d0ba109d3e)] -> id: gh-cat]] -> tag name: option], [[[[ChromeDriver: chrome on mac (c46f8b421209196523fe43d0ba109d3e)] -> id: gh-cat]] -> tag name: option], [[[[ChromeDriver: chrome on mac (c46f8b421209196523fe43d0ba109d3e)] -> id: gh-cat]] -> tag name: option], [[[[ChromeDriver: chrome on mac (c46f8b421209196523fe43d0ba109d3e)] -> id: gh-cat]] -> tag name: option], [[[[ChromeDriver: chrome on mac (c46f8b421209196523fe43d0ba109d3e)] -> id: gh-cat]] -> tag name: option], [[[[ChromeDriver: chrome on mac (c46f8b421209196523fe43d0ba109d3e)] -> id: gh-cat]] -> tag name: option], [[[[ChromeDriver: chrome on mac (c46f8b421209196523fe43d0ba109d3e)] -> id: gh-cat]] -> tag name: option], [[[[ChromeDriver: chrome on mac (c46f8b421209196523fe43d0ba109d3e)] -> id: gh-cat]] -> tag name: option], [[[[ChromeDriver: chrome on mac (c46f8b421209196523fe43d0ba109d3e)] -> id: gh-cat]] -> tag name: option], [[[[ChromeDriver: chrome on mac (c46f8b421209196523fe43d0ba109d3e)] -> id: gh-cat]] -> tag name: option], [[[[ChromeDriver: chrome on mac (c46f8b421209196523fe43d0ba109d3e)] -> id: gh-cat]] -> tag name: option], [[[[ChromeDriver: chrome on mac (c46f8b421209196523fe43d0ba109d3e)] -> id: gh-cat]] -> tag name: option], [[[[ChromeDriver: chrome on mac (c46f8b421209196523fe43d0ba109d3e)] -> id: gh-cat]] -> tag name: option], [[[[ChromeDriver: chrome on mac (c46f8b421209196523fe43d0ba109d3e)] -> id: gh-cat]] -> tag name: option], [[[[ChromeDriver: chrome on mac (c46f8b421209196523fe43d0ba109d3e)] -> id: gh-cat]] -> tag name: option], [[[[ChromeDriver: chrome on mac (c46f8b421209196523fe43d0ba109d3e)] -> id: gh-cat]] -> tag name: option], [[[[ChromeDriver: chrome on mac (c46f8b421209196523fe43d0ba109d3e)] -> id: gh-cat]] -> tag name: option], [[[[ChromeDriver: chrome on mac (c46f8b421209196523fe43d0ba109d3e)] -> id: gh-cat]] -> tag name: option], [[[[ChromeDriver: chrome on mac (c46f8b421209196523fe43d0ba109d3e)] -> id: gh-cat]] -> tag name: option], [[[[ChromeDriver: chrome on mac (c46f8b421209196523fe43d0ba109d3e)] -> id: gh-cat]] -> tag name: option], [[[[ChromeDriver: chrome on mac (c46f8b421209196523fe43d0ba109d3e)] -> id: gh-cat]] -> tag name: option], [[[[ChromeDriver: chrome on mac (c46f8b421209196523fe43d0ba109d3e)] -> id: gh-cat]] -> tag name: option], [[[[ChromeDriver: chrome on mac (c46f8b421209196523fe43d0ba109d3e)] -> id: gh-cat]] -> tag name: option], [[[[ChromeDriver: chrome on mac (c46f8b421209196523fe43d0ba109d3e)] -> id: gh-cat]] -> tag name: option], [[[[ChromeDriver: chrome on mac (c46f8b421209196523fe43d0ba109d3e)] -> id: gh-cat]] -> tag name: option], [[[[ChromeDriver: chrome on mac (c46f8b421209196523fe43d0ba109d3e)] -> id: gh-cat]] -> tag name: option], [[[[ChromeDriver: chrome on mac (c46f8b421209196523fe43d0ba109d3e)] -> id: gh-cat]] -> tag name: option], [[[[ChromeDriver: chrome on mac (c46f8b421209196523fe43d0ba109d3e)] -> id: gh-cat]] -> tag name: option]]
  &amp#27;[31mAnd &amp#27;[0m&amp#27;[31mUser should click and navigate every category&amp#27;[0m                               &amp#27;[90m# UI.Ebay.StepDefinitions.CtegoriesFunctionSteps.userShouldClickAndNavigateEveryCategory(io.cucumber.datatable.DataTable)&amp#27;[0m
    | All Categories                 |
    | Antiques                       |
    | Art                            |
    | Baby                           |
    | Books                          |
    | Business & Industrial          |
    | Cameras & Photo                |
    | Cell Phones & Accessories      |
    | Clothing, Shoes & Accessories  |
    | Coins & Paper Money            |
    | Collectibles                   |
    | Computers/Tablets & Networking |
    | Consumer Electronics           |
    | Crafts                         |
    | Dolls & Bears                  |
    | DVDs & Movies                  |
    | eBay Motors                    |
    | Entertainment Memorabilia      |
    | Gift Cards & Coupons           |
    | Health & Beauty                |
    | Home & Garden                  |
    | Jewelry & Watches              |
    | Music                          |
    | Musical Instruments & Gear     |
    | Pet Supplies                   |
    | Pottery & Glass                |
    | Real Estate                    |
    | Specialty Services             |
    | Sporting Goods                 |
    | Sports Mem, Cards & Fan Shop   |
    | Stamps                         |
    | Tickets & Experiences          |
    | Toys & Hobbies                 |
    | Travel                         |
    | Video Games & Consoles         |
    | Everything Else                |
      &amp#27;[31morg.junit.ComparisonFailure: expected:<[DVDs & Movies]> but was:<[Movies & TV]>
	at org.junit.Assert.assertEquals(Assert.java:117)
	at org.junit.Assert.assertEquals(Assert.java:146)
	at UI.Ebay.StepDefinitions.CtegoriesFunctionSteps.userShouldClickAndNavigateEveryCategory(CtegoriesFunctionSteps.java:41)
	at ✽.User should click and navigate every category(file:///Users/mumuakbas/IdeaProjects/CapstoneCucumber/EbayProject2/src/test/resources/Features/Ebay/CategoriesFunctionality.feature:9)
&amp#27;[0m
  &amp#27;[36mThen &amp#27;[0m&amp#27;[36mVerify that user should be navigated to the correct page for each category&amp#27;[0m &amp#27;[90m# UI.Ebay.StepDefinitions.CtegoriesFunctionSteps.verifyThatUserShouldBeNavigatedToTheCorrectPageForEachCategory()&amp#27;[0m
]]></system-out>
    <system-err><![CDATA[Jan 24, 2025 9:36:35 AM org.openqa.selenium.devtools.CdpVersionFinder findNearestMatch
WARNING: Unable to find CDP implementation matching 131
Jan 24, 2025 9:36:35 AM org.openqa.selenium.chromium.ChromiumDriver lambda$new$5
WARNING: Unable to find version of CDP to use for 131.0.6778.267. You may need to include a dependency on a specific version of the CDP using something similar to `org.seleniumhq.selenium:selenium-devtools-v86:4.12.1` where the version ("v86") matches the version of the chromium-based browser you're using and the version number of the artifact is the same as Selenium's.
]]></system-err>
  </testcase>
  <testcase name="Ensure that all categories functions work correctly" classname="Validate and test all categories in the application" time="33.32">
    <failure message="expected:&lt;[DVDs &amp; Movies]&gt; but was:&lt;[Movies &amp; TV]&gt;" type="org.junit.ComparisonFailure"><![CDATA[org.junit.ComparisonFailure: expected:<[DVDs & Movies]> but was:<[Movies & TV]>
]]></failure>
    <system-out><![CDATA[
@smoke
Scenario: Ensure that all categories functions work correctly                     &amp#27;[90m# src/test/resources/Features/Ebay/CategoriesFunctionality.feature:6&amp#27;[0m
  &amp#27;[32mGiven &amp#27;[0m&amp#27;[32mGo to the home page&amp#27;[0m                                                       &amp#27;[90m# UI.Ebay.StepDefinitions.SearchBoxSteps.goToTheHomePage()&amp#27;[0m
  &amp#27;[32mWhen &amp#27;[0m&amp#27;[32mClick the categories section&amp#27;[0m                                               &amp#27;[90m# UI.Ebay.StepDefinitions.CtegoriesFunctionSteps.clickTheCategoriesSection()&amp#27;[0m
This comes from table : [All Categories, Antiques, Art, Baby, Books, Business & Industrial, Cameras & Photo, Cell Phones & Accessories, Clothing, Shoes & Accessories, Coins & Paper Money, Collectibles, Computers/Tablets & Networking, Consumer Electronics, Crafts, Dolls & Bears, DVDs & Movies, eBay Motors, Entertainment Memorabilia, Gift Cards & Coupons, Health & Beauty, Home & Garden, Jewelry & Watches, Music, Musical Instruments & Gear, Pet Supplies, Pottery & Glass, Real Estate, Specialty Services, Sporting Goods, Sports Mem, Cards & Fan Shop, Stamps, Tickets & Experiences, Toys & Hobbies, Travel, Video Games & Consoles, Everything Else]
This comes from select class[[[[[ChromeDriver: chrome on mac (bed4fe86fbbf2e63ee93239d87bb10b0)] -> id: gh-cat]] -> tag name: option], [[[[ChromeDriver: chrome on mac (bed4fe86fbbf2e63ee93239d87bb10b0)] -> id: gh-cat]] -> tag name: option], [[[[ChromeDriver: chrome on mac (bed4fe86fbbf2e63ee93239d87bb10b0)] -> id: gh-cat]] -> tag name: option], [[[[ChromeDriver: chrome on mac (bed4fe86fbbf2e63ee93239d87bb10b0)] -> id: gh-cat]] -> tag name: option], [[[[ChromeDriver: chrome on mac (bed4fe86fbbf2e63ee93239d87bb10b0)] -> id: gh-cat]] -> tag name: option], [[[[ChromeDriver: chrome on mac (bed4fe86fbbf2e63ee93239d87bb10b0)] -> id: gh-cat]] -> tag name: option], [[[[ChromeDriver: chrome on mac (bed4fe86fbbf2e63ee93239d87bb10b0)] -> id: gh-cat]] -> tag name: option], [[[[ChromeDriver: chrome on mac (bed4fe86fbbf2e63ee93239d87bb10b0)] -> id: gh-cat]] -> tag name: option], [[[[ChromeDriver: chrome on mac (bed4fe86fbbf2e63ee93239d87bb10b0)] -> id: gh-cat]] -> tag name: option], [[[[ChromeDriver: chrome on mac (bed4fe86fbbf2e63ee93239d87bb10b0)] -> id: gh-cat]] -> tag name: option], [[[[ChromeDriver: chrome on mac (bed4fe86fbbf2e63ee93239d87bb10b0)] -> id: gh-cat]] -> tag name: option], [[[[ChromeDriver: chrome on mac (bed4fe86fbbf2e63ee93239d87bb10b0)] -> id: gh-cat]] -> tag name: option], [[[[ChromeDriver: chrome on mac (bed4fe86fbbf2e63ee93239d87bb10b0)] -> id: gh-cat]] -> tag name: option], [[[[ChromeDriver: chrome on mac (bed4fe86fbbf2e63ee93239d87bb10b0)] -> id: gh-cat]] -> tag name: option], [[[[ChromeDriver: chrome on mac (bed4fe86fbbf2e63ee93239d87bb10b0)] -> id: gh-cat]] -> tag name: option], [[[[ChromeDriver: chrome on mac (bed4fe86fbbf2e63ee93239d87bb10b0)] -> id: gh-cat]] -> tag name: option], [[[[ChromeDriver: chrome on mac (bed4fe86fbbf2e63ee93239d87bb10b0)] -> id: gh-cat]] -> tag name: option], [[[[ChromeDriver: chrome on mac (bed4fe86fbbf2e63ee93239d87bb10b0)] -> id: gh-cat]] -> tag name: option], [[[[ChromeDriver: chrome on mac (bed4fe86fbbf2e63ee93239d87bb10b0)] -> id: gh-cat]] -> tag name: option], [[[[ChromeDriver: chrome on mac (bed4fe86fbbf2e63ee93239d87bb10b0)] -> id: gh-cat]] -> tag name: option], [[[[ChromeDriver: chrome on mac (bed4fe86fbbf2e63ee93239d87bb10b0)] -> id: gh-cat]] -> tag name: option], [[[[ChromeDriver: chrome on mac (bed4fe86fbbf2e63ee93239d87bb10b0)] -> id: gh-cat]] -> tag name: option], [[[[ChromeDriver: chrome on mac (bed4fe86fbbf2e63ee93239d87bb10b0)] -> id: gh-cat]] -> tag name: option], [[[[ChromeDriver: chrome on mac (bed4fe86fbbf2e63ee93239d87bb10b0)] -> id: gh-cat]] -> tag name: option], [[[[ChromeDriver: chrome on mac (bed4fe86fbbf2e63ee93239d87bb10b0)] -> id: gh-cat]] -> tag name: option], [[[[ChromeDriver: chrome on mac (bed4fe86fbbf2e63ee93239d87bb10b0)] -> id: gh-cat]] -> tag name: option], [[[[ChromeDriver: chrome on mac (bed4fe86fbbf2e63ee93239d87bb10b0)] -> id: gh-cat]] -> tag name: option], [[[[ChromeDriver: chrome on mac (bed4fe86fbbf2e63ee93239d87bb10b0)] -> id: gh-cat]] -> tag name: option], [[[[ChromeDriver: chrome on mac (bed4fe86fbbf2e63ee93239d87bb10b0)] -> id: gh-cat]] -> tag name: option], [[[[ChromeDriver: chrome on mac (bed4fe86fbbf2e63ee93239d87bb10b0)] -> id: gh-cat]] -> tag name: option], [[[[ChromeDriver: chrome on mac (bed4fe86fbbf2e63ee93239d87bb10b0)] -> id: gh-cat]] -> tag name: option], [[[[ChromeDriver: chrome on mac (bed4fe86fbbf2e63ee93239d87bb10b0)] -> id: gh-cat]] -> tag name: option], [[[[ChromeDriver: chrome on mac (bed4fe86fbbf2e63ee93239d87bb10b0)] -> id: gh-cat]] -> tag name: option], [[[[ChromeDriver: chrome on mac (bed4fe86fbbf2e63ee93239d87bb10b0)] -> id: gh-cat]] -> tag name: option], [[[[ChromeDriver: chrome on mac (bed4fe86fbbf2e63ee93239d87bb10b0)] -> id: gh-cat]] -> tag name: option], [[[[ChromeDriver: chrome on mac (bed4fe86fbbf2e63ee93239d87bb10b0)] -> id: gh-cat]] -> tag name: option]]
  &amp#27;[31mAnd &amp#27;[0m&amp#27;[31mUser should click and navigate every category&amp#27;[0m                               &amp#27;[90m# UI.Ebay.StepDefinitions.CtegoriesFunctionSteps.userShouldClickAndNavigateEveryCategory(io.cucumber.datatable.DataTable)&amp#27;[0m
    | All Categories                 |
    | Antiques                       |
    | Art                            |
    | Baby                           |
    | Books                          |
    | Business & Industrial          |
    | Cameras & Photo                |
    | Cell Phones & Accessories      |
    | Clothing, Shoes & Accessories  |
    | Coins & Paper Money            |
    | Collectibles                   |
    | Computers/Tablets & Networking |
    | Consumer Electronics           |
    | Crafts                         |
    | Dolls & Bears                  |
    | DVDs & Movies                  |
    | eBay Motors                    |
    | Entertainment Memorabilia      |
    | Gift Cards & Coupons           |
    | Health & Beauty                |
    | Home & Garden                  |
    | Jewelry & Watches              |
    | Music                          |
    | Musical Instruments & Gear     |
    | Pet Supplies                   |
    | Pottery & Glass                |
    | Real Estate                    |
    | Specialty Services             |
    | Sporting Goods                 |
    | Sports Mem, Cards & Fan Shop   |
    | Stamps                         |
    | Tickets & Experiences          |
    | Toys & Hobbies                 |
    | Travel                         |
    | Video Games & Consoles         |
    | Everything Else                |
      &amp#27;[31morg.junit.ComparisonFailure: expected:<[DVDs & Movies]> but was:<[Movies & TV]>
	at org.junit.Assert.assertEquals(Assert.java:117)
	at org.junit.Assert.assertEquals(Assert.java:146)
	at UI.Ebay.StepDefinitions.CtegoriesFunctionSteps.userShouldClickAndNavigateEveryCategory(CtegoriesFunctionSteps.java:41)
	at ✽.User should click and navigate every category(file:///Users/mumuakbas/IdeaProjects/CapstoneCucumber/EbayProject2/src/test/resources/Features/Ebay/CategoriesFunctionality.feature:9)
&amp#27;[0m
  &amp#27;[36mThen &amp#27;[0m&amp#27;[36mVerify that user should be navigated to the correct page for each category&amp#27;[0m &amp#27;[90m# UI.Ebay.StepDefinitions.CtegoriesFunctionSteps.verifyThatUserShouldBeNavigatedToTheCorrectPageForEachCategory()&amp#27;[0m
]]></system-out>
    <system-err><![CDATA[Jan 24, 2025 9:36:49 AM org.openqa.selenium.devtools.CdpVersionFinder findNearestMatch
WARNING: Unable to find CDP implementation matching 131
Jan 24, 2025 9:36:49 AM org.openqa.selenium.chromium.ChromiumDriver lambda$new$5
WARNING: Unable to find version of CDP to use for 131.0.6778.267. You may need to include a dependency on a specific version of the CDP using something similar to `org.seleniumhq.selenium:selenium-devtools-v86:4.12.1` where the version ("v86") matches the version of the chromium-based browser you're using and the version number of the artifact is the same as Selenium's.
]]></system-err>
  </testcase>
</testsuite>